<?xml version="1.0" encoding="UTF-8"?>
<!-- Generated by org.testng.reporters.JUnitReportReporter -->
<testsuite hostname="TYSS-Shobha" failures="0" tests="1" name="product.CreateProductAndDeleteProductTest" time="12.437" errors="0" timestamp="2024-10-04T10:18:32 IST" skipped="0">
  <testcase classname="product.CreateProductAndDeleteProductTest" name="createProductAndDeleteProductTest" time="12.437"/>
</testsuite> <!-- product.CreateProductAndDeleteProductTest -->
