<?xml version="1.0" encoding="UTF-8"?>
<!-- Generated by org.testng.reporters.JUnitReportReporter -->
<testsuite hostname="TYSS-Shobha" failures="0" tests="1" name="campaigns.CreateCampaignWithProductTest" time="16.309" errors="0" timestamp="2024-10-04T10:18:32 IST" skipped="0">
  <testcase classname="campaigns.CreateCampaignWithProductTest" name="createCampaignWithProductTest" time="16.309"/>
</testsuite> <!-- campaigns.CreateCampaignWithProductTest -->
